<?xml version="1.0" encoding="UTF-8"?>
<!-- Generated by org.testng.reporters.JUnitXMLReporter -->
<testsuite hostname="MRUTUNJAY" ignored="1" name="Test" tests="13" failures="0" timestamp="01 Jan 2022 07:09:52 GMT" time="81.852" errors="0">
  <testcase name="branches" time="0.254" classname="seleniumwebdriver.Annotation"/>
  <testcase name="roles" time="0.219" classname="seleniumwebdriver.Annotation"/>
  <testcase name="users" time="0.209" classname="seleniumwebdriver.Annotation"/>
  <testcase name="admin" time="1.84" classname="seleniumwebdriver.Orange_hrm"/>
  <testcase name="admin" time="1.505" classname="seleniumwebdriver.Orange_hrm"/>
  <testcase name="admin" time="1.438" classname="seleniumwebdriver.Orange_hrm"/>
  <testcase name="dashboard" time="1.041" classname="seleniumwebdriver.Orange_hrm"/>
  <testcase name="leav" time="2.41" classname="seleniumwebdriver.Orange_hrm"/>
  <testcase name="myinfo" time="2.055" classname="seleniumwebdriver.Orange_hrm"/>
  <testcase name="perfomance" time="0.125" classname="seleniumwebdriver.Orange_hrm"/>
  <testcase name="pim" time="1.467" classname="seleniumwebdriver.Orange_hrm"/>
  <testcase name="recuirment" time="1.422" classname="seleniumwebdriver.Orange_hrm"/>
  <testcase name="time" time="1.718" classname="seleniumwebdriver.Orange_hrm"/>
  <testcase name="directory" time="0.0" classname="seleniumwebdriver.Orange_hrm">
    <ignored/>
  </testcase> <!-- directory -->
</testsuite> <!-- Test -->
