<?xml version="1.0" encoding="UTF-8"?>
<!-- Generated by org.testng.reporters.JUnitXMLReporter -->
<testsuite hostname="MRUTUNJAY" ignored="1" name="report" tests="13" failures="0" timestamp="01 Jan 2022 06:46:21 GMT" time="81.434" errors="0">
  <testcase name="branches" time="0.3" classname="seleniumwebdriver.Annotation"/>
  <testcase name="roles" time="0.235" classname="seleniumwebdriver.Annotation"/>
  <testcase name="users" time="0.268" classname="seleniumwebdriver.Annotation"/>
  <testcase name="admin" time="1.758" classname="seleniumwebdriver.Orange_hrm"/>
  <testcase name="admin" time="1.48" classname="seleniumwebdriver.Orange_hrm"/>
  <testcase name="admin" time="1.459" classname="seleniumwebdriver.Orange_hrm"/>
  <testcase name="dashboard" time="0.935" classname="seleniumwebdriver.Orange_hrm"/>
  <testcase name="leav" time="2.446" classname="seleniumwebdriver.Orange_hrm"/>
  <testcase name="myinfo" time="1.892" classname="seleniumwebdriver.Orange_hrm"/>
  <testcase name="perfomance" time="0.21" classname="seleniumwebdriver.Orange_hrm"/>
  <testcase name="pim" time="1.622" classname="seleniumwebdriver.Orange_hrm"/>
  <testcase name="recuirment" time="1.523" classname="seleniumwebdriver.Orange_hrm"/>
  <testcase name="time" time="1.684" classname="seleniumwebdriver.Orange_hrm"/>
  <testcase name="directory" time="0.0" classname="seleniumwebdriver.Orange_hrm">
    <ignored/>
  </testcase> <!-- directory -->
</testsuite> <!-- report -->
